<?xml version="1.0" encoding="UTF-8"?>
<!-- Generated by org.testng.reporters.JUnitReportReporter -->
<testsuite hostname="loadrunner-PC" name="com.pprojname.scripts.Ohm_exe" tests="1" failures="0" timestamp="29 Oct 2016 03:45:22 GMT" time="27.155" errors="0">
  <testcase name="f" time="27.155" classname="com.pprojname.scripts.Ohm_exe"/>
</testsuite> <!-- com.pprojname.scripts.Ohm_exe -->
